D:\tekondo\TekwondoWeb\src\utils
SISTEMA TKD V.1 ....
Iniciando la Conección de la base de datos ONLINE ...
Error en la conneccion : Error: connect ECONNREFUSED 127.0.0.1:3306
Iniciando servidor ....
funcionando servidos en puerto 4000
[0mGET / [32m200[0m 25.028 ms - 646[0m
[0mGET /assets/index-7cc11611.css [32m200[0m 23.344 ms - 13261[0m
[0mGET /all.min.css [32m200[0m 19.898 ms - 101784[0m
[0mGET /bootstrap.bundle.min.js [32m200[0m 29.405 ms - 78743[0m
[0mGET /bootstrap.min.css [32m200[0m 45.573 ms - 155845[0m
[0mGET /assets/index-399050f4.js [32m200[0m 34.344 ms - 1033713[0m
[0mGET /all.min.js [32m200[0m 34.822 ms - 1528342[0m
[0mGET /assets/login-6b777b3b.png [32m200[0m 12.829 ms - 41514[0m
[0mGET /webfonts/fa-solid-900.woff2 [33m404[0m 7.724 ms - 166[0m
[0mGET /assets/tkd-0e2f556e.png [32m200[0m 15.420 ms - 1017140[0m
Error: connect ECONNREFUSED 127.0.0.1:3306
    at TCPConnectWrap.afterConnect [as oncomplete] (node:net:1157:16) {
  errno: -4078,
  code: 'ECONNREFUSED',
  syscall: 'connect',
  address: '127.0.0.1',
  port: 3306,
  fatal: true
}
[0mGET /config/getCampeonato [33m404[0m 9.637 ms - 47[0m
[0mGET /webfonts/fa-solid-900.ttf [33m404[0m 3.167 ms - 164[0m
[0mGET /tkd.png [32m200[0m 5.013 ms - 1017140[0m
[0mGET /inicio [33m404[0m 3.107 ms - 145[0m
[0mGET / [36m304[0m 2.604 ms - -[0m
[0mGET /all.min.css [36m304[0m 2.166 ms - -[0m
[0mGET /bootstrap.min.css [36m304[0m 2.325 ms - -[0m
[0mGET /assets/index-399050f4.js [36m304[0m 0.961 ms - -[0m
[0mGET /assets/index-7cc11611.css [36m304[0m 0.698 ms - -[0m
[0mGET /bootstrap.bundle.min.js [36m304[0m 0.493 ms - -[0m
[0mGET /all.min.js [36m304[0m 0.477 ms - -[0m
[0mGET /assets/tkd-0e2f556e.png [36m304[0m 0.782 ms - -[0m
[0mGET /assets/login-6b777b3b.png [36m304[0m 0.862 ms - -[0m
[0mGET /webfonts/fa-solid-900.woff2 [33m404[0m 1.087 ms - 166[0m
[0mGET /webfonts/fa-solid-900.ttf [33m404[0m 1.251 ms - 164[0m
[0mGET /config/getCampeonato [32m200[0m 81.381 ms - 647[0m
[0mGET /tkd.png [36m304[0m 0.482 ms - -[0m
[0mGET /config/getCampeonato [32m200[0m 3.359 ms - 647[0m
[0mGET /config/getCampeonato [36m304[0m 1.848 ms - -[0m
[0mGET /usuario/getUsuarios [32m200[0m 5.615 ms - 3640[0m
[0mGET /usuario/getUsuarios [36m304[0m 3.332 ms - -[0m
[0mGET /usuario/getUsuarios [32m200[0m 5.037 ms - 3640[0m
[0mGET /usuario/getUsuarios [36m304[0m 2.483 ms - -[0m
[0mGET /usuario/getUsuarios [36m304[0m 8.500 ms - -[0m
[0mGET /usuario/getUsuarios [36m304[0m 3.372 ms - -[0m
[0mGET /club/getListaClub [36m304[0m 3.491 ms - -[0m
[0mGET /club/getListaClub [36m304[0m 2.176 ms - -[0m
[0mGET /config/getCampeonato [36m304[0m 4.088 ms - -[0m
[0mGET /config/getCampeonato [36m304[0m 1.800 ms - -[0m
resultados
{ idCampeonato: 2 }
[0mPOST /competidor/obtenerDatosPuntuados [32m200[0m 69.594 ms - 1320[0m
[0mGET /club/getListaClub [36m304[0m 3.554 ms - -[0m
[0mGET /club/getListaClub [36m304[0m 2.002 ms - -[0m
[0mGET /usuario/getUsuarios [36m304[0m 2.899 ms - -[0m
[0mGET /usuario/getUsuarios [36m304[0m 2.111 ms - -[0m
[0mGET /usuario/getUsuarios [36m304[0m 2.307 ms - -[0m
[0mGET /usuario/getUsuarios [36m304[0m 2.240 ms - -[0m
[0mGET /usuario/getUsuarios [36m304[0m 2.510 ms - -[0m
[0mGET /usuario/getUsuarios [36m304[0m 2.427 ms - -[0m
[0mGET /usuario/getUsuarios [36m304[0m 2.213 ms - -[0m
[0mGET /usuario/getUsuarios [36m304[0m 3.741 ms - -[0m
[0mGET /usuario/getUsuarios [36m304[0m 2.404 ms - -[0m
[0mGET /usuario/getUsuarios [36m304[0m 2.383 ms - -[0m
[0mGET /usuario/getUsuarios [36m304[0m 2.131 ms - -[0m
[0mGET /usuario/getUsuarios [36m304[0m 4.880 ms - -[0m
[0mGET /usuario/getUsuarios [36m304[0m 4.042 ms - -[0m
[0mGET /usuario/getUsuarios [36m304[0m 3.404 ms - -[0m
[0mGET /usuario/getUsuarios [36m304[0m 1.916 ms - -[0m
[0mGET /usuario/getUsuarios [36m304[0m 3.668 ms - -[0m
[0mGET /usuario/getUsuarios [36m304[0m 2.749 ms - -[0m
[0mGET /usuario/getUsuarios [36m304[0m 2.156 ms - -[0m
[0mGET /usuario/getUsuarios [36m304[0m 3.143 ms - -[0m
[0mGET /usuario/getUsuarios [36m304[0m 1.868 ms - -[0m
[0mGET /usuario/getUsuarios [36m304[0m 4.406 ms - -[0m
[0mGET /usuario/getUsuarios [36m304[0m 1.929 ms - -[0m
[0mGET /club/getListaClub [36m304[0m 4.311 ms - -[0m
[0mGET /club/getListaClub [36m304[0m 1.665 ms - -[0m
[0mGET /usuario/getUsuarios [36m304[0m 2.087 ms - -[0m
[0mGET /usuario/getUsuarios [36m304[0m 3.896 ms - -[0m
[0mGET /club/getListaClub [36m304[0m 2.161 ms - -[0m
[0mGET /club/getListaClub [36m304[0m 3.941 ms - -[0m
[0mGET /config/getCampeonato [36m304[0m 1.984 ms - -[0m
[0mGET /config/getCampeonato [36m304[0m 2.869 ms - -[0m
[0mGET /club/getListaClub [36m304[0m 1.905 ms - -[0m
[0mGET /club/getListaClub [36m304[0m 3.389 ms - -[0m
[
  {
    idusuario: 1,
    correo: 'jjchsan@gmail.com',
    password: '$2b$10$yqzfU4sR92PFJ0rkCYAEnevl1wKu82rxSlBc4hsg2nU8grklDGYxm',
    nombres: 'JUAN JOSE',
    apellidos: 'SANCHEZ',
    idclub: 4,
    idcinturon: 0,
    foto: null,
    ci: 7933318,
    estado: 'A',
    tipo: 'A',
    albitro: 'A'
  }
]
[0mPOST /login/iniciarSession [32m200[0m 134.607 ms - 109[0m
[0mGET /config/getCampeonato [36m304[0m 1.558 ms - -[0m
[0mGET /config/getCampeonato [36m304[0m 3.506 ms - -[0m
[0mGET /usuario/getUsuarios [36m304[0m 2.227 ms - -[0m
[0mGET /usuario/getUsuarios [36m304[0m 3.302 ms - -[0m
[0mGET /club/getListaClub [36m304[0m 1.847 ms - -[0m
[0mGET /club/getListaClub [36m304[0m 2.100 ms - -[0m
[0mGET /club/getListaClub [36m304[0m 3.093 ms - -[0m
[0mGET /club/getListaClub [36m304[0m 1.930 ms - -[0m
[0mGET /club/getListaClub [36m304[0m 1.769 ms - -[0m
[0mGET /club/getListaClub [36m304[0m 2.433 ms - -[0m
[0mGET /club/getListaClub [36m304[0m 1.753 ms - -[0m
[0mGET /club/getListaClub [36m304[0m 1.644 ms - -[0m
[0mGET /club/getListaClub [36m304[0m 1.730 ms - -[0m
[0mGET /club/getListaClub [36m304[0m 2.910 ms - -[0m
[0mGET /club/getListaClub [36m304[0m 1.889 ms - -[0m
[0mGET /club/getListaClub [36m304[0m 1.557 ms - -[0m
[0mGET /club/getListaClub [36m304[0m 1.794 ms - -[0m
[0mGET /club/getListaClub [36m304[0m 1.791 ms - -[0m
[0mGET /club/getListaClub [36m304[0m 5.499 ms - -[0m
[0mGET /club/getListaClub [36m304[0m 2.718 ms - -[0m
[0mGET /usuario/getUsuarios [36m304[0m 2.580 ms - -[0m
[0mGET /usuario/getUsuarios [36m304[0m 1.984 ms - -[0m
[0mGET /usuario/getUsuarios [36m304[0m 2.133 ms - -[0m
[0mGET /usuario/getUsuarios [36m304[0m 2.926 ms - -[0m
[0mGET /usuario/getUsuarios [36m304[0m 2.274 ms - -[0m
[0mGET /usuario/getUsuarios [36m304[0m 2.044 ms - -[0m
[0mGET /club/getListaClub [36m304[0m 1.798 ms - -[0m
[0mGET /club/getListaClub [36m304[0m 1.772 ms - -[0m
[0mGET /club/getListaClub [36m304[0m 2.923 ms - -[0m
[0mGET /club/getListaClub [36m304[0m 2.912 ms - -[0m
[0mGET /club/getListaClub [36m304[0m 1.800 ms - -[0m
[0mGET /club/getListaClub [36m304[0m 1.546 ms - -[0m
[0mGET /club/getListaClub [36m304[0m 1.896 ms - -[0m
[0mGET /club/getListaClub [36m304[0m 2.188 ms - -[0m
[0mGET /club/getListaClub [36m304[0m 1.725 ms - -[0m
[0mGET /usuario/getUsuarios [36m304[0m 3.545 ms - -[0m
[0mGET /usuario/getUsuarios [36m304[0m 3.296 ms - -[0m
[0mGET /usuario/getUsuarios [36m304[0m 2.040 ms - -[0m
[0mGET /club/getListaClub [36m304[0m 2.558 ms - -[0m
[0mGET /usuario/getUsuarios [36m304[0m 1.920 ms - -[0m
[0mGET /club/getListaClub [36m304[0m 2.822 ms - -[0m
[0mGET /club/getListaClub [36m304[0m 1.732 ms - -[0m
[0mGET /club/getListaClub [36m304[0m 1.409 ms - -[0m
[0mGET /club/getListaClub [36m304[0m 1.505 ms - -[0m
[0mGET /club/getListaClub [36m304[0m 1.564 ms - -[0m
[0mGET /club/getListaClub [36m304[0m 1.702 ms - -[0m
[0mGET /club/getListaClub [36m304[0m 1.546 ms - -[0m
[0mGET /usuario/getUsuarios [36m304[0m 2.417 ms - -[0m
[0mGET /usuario/getUsuarios [36m304[0m 3.166 ms - -[0m
[0mGET /club/getListaClub [36m304[0m 1.769 ms - -[0m
[0mGET /club/getListaClub [36m304[0m 1.826 ms - -[0m
[0mGET /club/getListaClub [36m304[0m 2.787 ms - -[0m
[0mGET /club/getListaClub [36m304[0m 1.502 ms - -[0m
[0mGET /usuario/getUsuarios [36m304[0m 2.626 ms - -[0m
[0mGET /usuario/getUsuarios [36m304[0m 5.493 ms - -[0m
[0mGET /club/getListaClub [36m304[0m 1.558 ms - -[0m
[0mGET /club/getListaClub [36m304[0m 1.605 ms - -[0m
[0mGET /club/getListaClub [36m304[0m 1.558 ms - -[0m
[0mGET /club/getListaClub [36m304[0m 1.678 ms - -[0m
[0mGET /club/getListaClub [36m304[0m 1.795 ms - -[0m
[0mGET /club/getListaClub [36m304[0m 1.727 ms - -[0m
[0mGET /club/getListaClub [36m304[0m 1.837 ms - -[0m
[0mGET /club/getListaClub [36m304[0m 6.338 ms - -[0m
[0mGET /club/getListaClub [36m304[0m 1.781 ms - -[0m
[0mGET /club/getListaClub [36m304[0m 1.501 ms - -[0m
[0mGET /club/getListaClub [36m304[0m 1.791 ms - -[0m
[0mGET /club/getListaClub [36m304[0m 5.205 ms - -[0m
[0mGET /usuario/getUsuarios [36m304[0m 2.090 ms - -[0m
[0mGET /usuario/getUsuarios [36m304[0m 1.751 ms - -[0m
[0mGET /club/getListaClub [36m304[0m 1.591 ms - -[0m
[0mGET /club/getListaClub [36m304[0m 1.540 ms - -[0m
[0mGET /club/getListaClub [36m304[0m 1.660 ms - -[0m
[0mGET /club/getListaClub [36m304[0m 2.564 ms - -[0m
[0mGET /club/getListaClub [36m304[0m 1.574 ms - -[0m
[0mGET /club/getListaClub [36m304[0m 2.172 ms - -[0m
[0mGET /club/getListaClub [36m304[0m 2.874 ms - -[0m
[0mGET /club/getListaClub [36m304[0m 1.529 ms - -[0m
[0mGET /club/getListaClub [36m304[0m 1.469 ms - -[0m
[0mGET /club/getListaClub [36m304[0m 1.732 ms - -[0m
[0mGET /usuario/getUsuarios [36m304[0m 3.289 ms - -[0m
[0mGET /usuario/getUsuarios [36m304[0m 1.900 ms - -[0m
{
  idUsuario: 0,
  nombres: 'PRUEBA',
  apellidos: 'SISTEMAS',
  ciUser: '129192',
  correo: 'jjchsan@gmail.com',
  password: '',
  idClub: '3'
}
[0mPOST /login/createUser [33m404[0m 163.373 ms - 28[0m
[0mPOST /config/getCategoria [32m200[0m 3.117 ms - 753[0m
[0mPOST /config/getCategoria [32m200[0m 1.865 ms - 753[0m
[0mGET /usuario/getUsuarios [36m304[0m 1.947 ms - -[0m
[0mGET /usuario/getUsuarios [36m304[0m 1.766 ms - -[0m
[0mGET /club/getListaClub [36m304[0m 1.846 ms - -[0m
[0mGET /club/getListaClub [36m304[0m 2.328 ms - -[0m
[0mGET /club/getListaClub [36m304[0m 1.714 ms - -[0m
[0mGET /club/getListaClub [36m304[0m 1.553 ms - -[0m
{
  idUsuario: 1,
  nombres: 'JUAN JOSE',
  apellidos: 'SANCHEZ CHOQUECALLATA',
  ciUser: 7933318,
  correo: 'jjchsan@gmail.com',
  password: '',
  idClub: 4
}
[0mPOST /login/createUser [33m404[0m 143.610 ms - 28[0m
[0mGET /usuario/getUsuarios [36m304[0m 2.502 ms - -[0m
[0mGET /usuario/getUsuarios [36m304[0m 1.743 ms - -[0m
[0mGET /club/getListaClub [36m304[0m 1.689 ms - -[0m
[0mGET /club/getListaClub [36m304[0m 1.770 ms - -[0m
[0mGET /club/getListaClub [36m304[0m 1.652 ms - -[0m
[0mGET /club/getListaClub [36m304[0m 2.890 ms - -[0m
[0mGET /usuario/getUsuarios [36m304[0m 3.380 ms - -[0m
[0mGET /usuario/getUsuarios [36m304[0m 1.815 ms - -[0m
[0mGET /club/getListaClub [36m304[0m 1.693 ms - -[0m
[0mGET /club/getListaClub [36m304[0m 1.618 ms - -[0m
[0mGET /usuario/getUsuarios [36m304[0m 1.948 ms - -[0m
[0mGET /usuario/getUsuarios [36m304[0m 4.277 ms - -[0m
[0mGET /club/getListaClub [36m304[0m 1.633 ms - -[0m
[0mGET /club/getListaClub [36m304[0m 2.296 ms - -[0m
[0mGET /club/getListaClub [36m304[0m 1.654 ms - -[0m
[0mGET /club/getListaClub [36m304[0m 1.623 ms - -[0m
[0mGET /usuario/getUsuarios [36m304[0m 4.069 ms - -[0m
[0mGET /usuario/getUsuarios [36m304[0m 1.908 ms - -[0m
[0mGET /club/getListaClub [36m304[0m 2.995 ms - -[0m
[0mGET /club/getListaClub [36m304[0m 1.608 ms - -[0m
[0mGET /club/getListaClub [36m304[0m 1.584 ms - -[0m
[0mGET /club/getListaClub [36m304[0m 1.550 ms - -[0m
[0mGET /club/getListaClub [36m304[0m 1.583 ms - -[0m
[0mGET /club/getListaClub [36m304[0m 1.630 ms - -[0m
[0mGET /club/getListaClub [36m304[0m 1.489 ms - -[0m
[0mGET /club/getListaClub [36m304[0m 1.520 ms - -[0m
[0mGET /club/getListaClub [36m304[0m 1.891 ms - -[0m
[0mGET /club/getListaClub [36m304[0m 4.786 ms - -[0m
[0mGET /club/getListaClub [36m304[0m 2.830 ms - -[0m
[0mGET /club/getListaClub [36m304[0m 1.522 ms - -[0m
{
  idUsuario: 1,
  nombres: 'JUAN JOSE',
  apellidos: 'SANCHEZ CHOQUECALLATA',
  ciUser: 7933318,
  correo: 'jjchsan@gmail.com',
  password: '',
  idClub: 4
}
[0mPOST /login/createUser [33m404[0m 108.311 ms - 28[0m
{
  idUsuario: 1,
  nombres: 'JUAN JOSE',
  apellidos: 'SANCHEZ CHOQUECALLATA',
  ciUser: 7933318,
  correo: 'jjchsan@gmail.com',
  password: '',
  idClub: 4
}
[0mPOST /login/createUser [33m404[0m 105.203 ms - 28[0m
D:\tekondo\TekwondoWeb\src\utils
SISTEMA TKD V.1 ....
Iniciando la Conección de la base de datos ONLINE ...
Iniciando servidor ....
funcionando servidos en puerto 4000
{
  idUsuario: 1,
  nombres: 'JUAN JOSE',
  apellidos: 'SANCHEZ CHOQUECALLATA',
  ciUser: 7933318,
  correo: 'jjchsan@gmail.com',
  password: '',
  idClub: 4
}
Error: You have an error in your SQL syntax; check the manual that corresponds to your MySQL server version for the right syntax to use near '(correo,nombres,apellidos,idclub,ci) values ('jjchsan@gmail.com','JUAN JOSE','SA' at line 1
    at PromisePoolConnection.query (D:\tekondo\TekwondoWeb\node_modules\mysql2\promise.js:93:22)
    at agregarUsuario (file:///D:/tekondo/TekwondoWeb/src/controllers/login.controllers.js:30:39)
    at processTicksAndRejections (node:internal/process/task_queues:96:5)
    at async file:///D:/tekondo/TekwondoWeb/src/routes/login.routes.js:17:20 {
  code: 'ER_PARSE_ERROR',
  errno: 1064,
  sql: "update usuario (correo,nombres,apellidos,idclub,ci) values ('jjchsan@gmail.com','JUAN JOSE','SANCHEZ CHOQUECALLATA',4,7933318) where idusuario=1",
  sqlState: '42000',
  sqlMessage: "You have an error in your SQL syntax; check the manual that corresponds to your MySQL server version for the right syntax to use near '(correo,nombres,apellidos,idclub,ci) values ('jjchsan@gmail.com','JUAN JOSE','SA' at line 1"
}
[0mPOST /login/createUser [33m404[0m 136.335 ms - 238[0m
D:\tekondo\TekwondoWeb\src\utils
SISTEMA TKD V.1 ....
Iniciando la Conección de la base de datos ONLINE ...
Iniciando servidor ....
funcionando servidos en puerto 4000
[0mGET / [32m200[0m 8.784 ms - 646[0m
[0mGET /all.min.css [36m304[0m 5.950 ms - -[0m
[0mGET /bootstrap.min.css [36m304[0m 3.991 ms - -[0m
[0mGET /assets/index-da649376.js [32m200[0m 10.291 ms - 1036696[0m
[0mGET /all.min.js [36m304[0m 1.481 ms - -[0m
[0mGET /bootstrap.bundle.min.js [36m304[0m 3.779 ms - -[0m
[0mGET /assets/index-7cc11611.css [32m200[0m 6.508 ms - 13261[0m
[0mGET /bootstrap.min.css.map [33m404[0m 6.431 ms - 160[0m
[0mGET /bootstrap.bundle.min.js.map [33m404[0m 4.143 ms - 166[0m
[0mGET /assets/login-6b777b3b.png [32m200[0m 1.385 ms - 41514[0m
[0mGET /assets/tkd-0e2f556e.png [32m200[0m 3.752 ms - 1017140[0m
[0mGET /webfonts/fa-solid-900.woff2 [33m404[0m 4.897 ms - 166[0m
[0mGET /webfonts/fa-solid-900.ttf [33m404[0m 1.270 ms - 164[0m
[0mGET /inicio [33m404[0m 1.499 ms - 145[0m
[0mGET / [36m304[0m 0.875 ms - -[0m
[0mGET /all.min.css [36m304[0m 1.659 ms - -[0m
[0mGET /bootstrap.min.css [36m304[0m 1.351 ms - -[0m
[0mGET /assets/index-da649376.js [36m304[0m 2.475 ms - -[0m
[0mGET /bootstrap.bundle.min.js [36m304[0m 2.287 ms - -[0m
[0mGET /assets/index-7cc11611.css [36m304[0m 4.049 ms - -[0m
[0mGET /all.min.js [36m304[0m 0.744 ms - -[0m
[0mGET /bootstrap.min.css.map [33m404[0m 1.204 ms - 160[0m
[0mGET /bootstrap.bundle.min.js.map [33m404[0m 1.247 ms - 166[0m
[0mGET /assets/tkd-0e2f556e.png [36m304[0m 0.745 ms - -[0m
[0mGET /assets/login-6b777b3b.png [36m304[0m 0.783 ms - -[0m
[0mGET /webfonts/fa-solid-900.woff2 [33m404[0m 1.806 ms - 166[0m
[0mGET /webfonts/fa-solid-900.ttf [33m404[0m 1.308 ms - 164[0m
[0mGET /tkd.png [36m304[0m 0.465 ms - -[0m
[
  {
    idusuario: 1,
    correo: 'jjchsan@gmail.com',
    password: '$2b$10$yqzfU4sR92PFJ0rkCYAEnevl1wKu82rxSlBc4hsg2nU8grklDGYxm',
    nombres: 'JUAN JOSE',
    apellidos: 'SANCHEZ CHOQUECALLATA',
    idclub: 4,
    idcinturon: 0,
    foto: null,
    ci: 7933318,
    estado: 'A',
    tipo: 'A',
    albitro: 'A'
  }
]
[0mPOST /login/iniciarSession [32m200[0m 140.287 ms - 172[0m
[0mGET /config/getCampeonato [36m304[0m 6.101 ms - -[0m
[0mGET /usuario/getUsuarios [32m200[0m 4.380 ms - 3945[0m
[0mGET /webfonts/fa-brands-400.woff2 [33m404[0m 1.920 ms - 167[0m
[0mGET /webfonts/fa-brands-400.ttf [33m404[0m 1.032 ms - 165[0m
[0mGET /config/getCampeonato [36m304[0m 10.337 ms - -[0m
[0mGET /assets/tkd-0e2f556e.png [36m304[0m 0.747 ms - -[0m
[0mGET /inicio [33m404[0m 6.655 ms - 145[0m
[0mGET / [36m304[0m 0.856 ms - -[0m
[0mGET /all.min.css [36m304[0m 0.948 ms - -[0m
[0mGET /bootstrap.min.css [36m304[0m 0.824 ms - -[0m
[0mGET /assets/index-da649376.js [36m304[0m 0.658 ms - -[0m
[0mGET /assets/index-7cc11611.css [36m304[0m 0.592 ms - -[0m
[0mGET /bootstrap.bundle.min.js [36m304[0m 1.053 ms - -[0m
[0mGET /all.min.js [36m304[0m 1.236 ms - -[0m
[0mGET /assets/tkd-0e2f556e.png [36m304[0m 0.930 ms - -[0m
[0mGET /assets/login-6b777b3b.png [36m304[0m 0.985 ms - -[0m
[0mGET /webfonts/fa-solid-900.woff2 [33m404[0m 2.684 ms - 166[0m
[0mGET /config/getCampeonato [36m304[0m 5.388 ms - -[0m
[0mGET /webfonts/fa-solid-900.ttf [33m404[0m 3.789 ms - 164[0m
[0mGET /tkd.png [36m304[0m 0.702 ms - -[0m
[0mGET /usuario/getUsuarios [32m200[0m 3.652 ms - 3942[0m
{ estado: 'A', idusuario: 1 }
[0mPOST /usuario/cambiarEstadoAlbitro [32m200[0m 77.209 ms - 155[0m
[0mGET /usuario/getUsuarios [32m200[0m 2.849 ms - 3942[0m
[0mGET / [36m304[0m 1.601 ms - -[0m
[0mGET /all.min.css [36m304[0m 1.314 ms - -[0m
[0mGET /bootstrap.min.css [36m304[0m 1.132 ms - -[0m
[0mGET /assets/index-da649376.js [36m304[0m 0.541 ms - -[0m
[0mGET /assets/index-7cc11611.css [36m304[0m 0.469 ms - -[0m
[0mGET /bootstrap.bundle.min.js [36m304[0m 0.713 ms - -[0m
[0mGET /all.min.js [36m304[0m 0.460 ms - -[0m
[0mGET /assets/tkd-0e2f556e.png [36m304[0m 2.940 ms - -[0m
[0mGET /assets/login-6b777b3b.png [36m304[0m 1.047 ms - -[0m
[0mGET /webfonts/fa-solid-900.woff2 [33m404[0m 1.235 ms - 166[0m
[0mGET /config/getCampeonato [36m304[0m 2.470 ms - -[0m
[0mGET /webfonts/fa-solid-900.ttf [33m404[0m 1.255 ms - 164[0m
D:\tekondo\TekwondoWeb\src\utils
SISTEMA TKD V.1 ....
Iniciando la Conección de la base de datos ONLINE ...
Iniciando servidor ....
funcionando servidos en puerto 4000
D:\tekondo\TekwondoWeb\src\utils
SISTEMA TKD V.1 ....
Iniciando la Conección de la base de datos ONLINE ...
Iniciando servidor ....
funcionando servidos en puerto 4000
D:\tekondo\TekwondoWeb\src\utils
SISTEMA TKD V.1 ....
Iniciando la Conección de la base de datos ONLINE ...
Iniciando servidor ....
funcionando servidos en puerto 4000
D:\tekondo\TekwondoWeb\src\utils
SISTEMA TKD V.1 ....
Iniciando la Conección de la base de datos ONLINE ...
Iniciando servidor ....
funcionando servidos en puerto 4000
D:\tekondo\TekwondoWeb\src\utils
SISTEMA TKD V.1 ....
Iniciando la Conección de la base de datos ONLINE ...
Iniciando servidor ....
funcionando servidos en puerto 4000
D:\tekondo\TekwondoWeb\src\utils
SISTEMA TKD V.1 ....
Iniciando la Conección de la base de datos ONLINE ...
Iniciando servidor ....
funcionando servidos en puerto 4000
D:\tekondo\TekwondoWeb\src\utils
SISTEMA TKD V.1 ....
Iniciando la Conección de la base de datos ONLINE ...
Iniciando servidor ....
funcionando servidos en puerto 4000
[0mGET / [32m200[0m 8.054 ms - 646[0m
[0mGET /all.min.css [32m200[0m 11.119 ms - 101784[0m
[0mGET /assets/index-a2400e31.css [32m200[0m 7.596 ms - 14735[0m
[0mGET /bootstrap.bundle.min.js [32m200[0m 9.198 ms - 78743[0m
[0mGET /bootstrap.min.css [32m200[0m 10.644 ms - 155845[0m
[0mGET /assets/index-5da5a585.js [32m200[0m 8.692 ms - 1069829[0m
[0mGET /all.min.js [32m200[0m 7.274 ms - 1528342[0m
[0mGET /assets/login-6b777b3b.png [32m200[0m 2.200 ms - 41514[0m
[0mGET /assets/tkd-0e2f556e.png [32m200[0m 2.540 ms - 1017140[0m
[0mGET /assets/Montserrat-SemiBold-f227901e.ttf [32m200[0m 1.768 ms - 243816[0m
[0mGET /webfonts/fa-solid-900.woff2 [32m200[0m 5.279 ms - 150472[0m
[0mGET /config/getCampeonato [32m200[0m 15.582 ms - 1018[0m
[0mGET /assets/Montserrat-Regular-077cdab1.ttf [32m200[0m 2.258 ms - 245708[0m
[0mGET /assets/TheCaliforniaDemo-ce4852fc.otf [32m200[0m 2.294 ms - 279500[0m
[0mGET /tkd.png [32m200[0m 1.117 ms - 1017140[0m
[0mGET /assets/Montserrat-Bold-c8289a87.ttf [32m200[0m 1.191 ms - 244468[0m
[0mGET /usuario/getUsuarios [32m200[0m 5.794 ms - 3942[0m
{ estado: 'A', idusuario: 1 }
[0mPOST /usuario/cambiarEstadoAlbitro [32m200[0m 100.715 ms - 155[0m
[0mGET /usuario/getUsuarios [32m200[0m 6.584 ms - 3942[0m
D:\tekondo\TekwondoWeb\src\utils
SISTEMA TKD V.1 ....
Iniciando la Conección de la base de datos ONLINE ...
Iniciando servidor ....
funcionando servidos en puerto 4000
[0mGET /config/getCampeonato [32m200[0m 911.520 ms - 1018[0m
[0mGET /config/getCampeonato [36m304[0m 5.870 ms - -[0m
[0mGET /usuario/getUsuarios [32m200[0m 105.940 ms - 3942[0m
[0mGET /usuario/getUsuarios [36m304[0m 2.888 ms - -[0m
[0mGET /usuario/getUsuarios [36m304[0m 4.641 ms - -[0m
[0mGET /usuario/getUsuarios [36m304[0m 3.162 ms - -[0m
{
  idusuario: 1,
  correo: 'jjchsan@gmail.com',
  password: '$2b$10$yqzfU4sR92PFJ0rkCYAEnevl1wKu82rxSlBc4hsg2nU8grklDGYxm',
  nombres: 'JUAN JOSE',
  apellidos: 'SANCHEZ',
  idclub: 4,
  idcinturon: 0,
  foto: null,
  ci: 7933318,
  estado: 'P',
  tipo: 'A',
  albitro: 'A',
  club: 'HANAUI HIM',
  cinturon: null
}
[0mPOST /usuario/cambiarEstadoUsuario [32m200[0m 189.061 ms - 155[0m
[0mGET /usuario/getUsuarios [32m200[0m 2.761 ms - 3942[0m
[
  {
    idusuario: 1,
    correo: 'jjchsan@gmail.com',
    password: '$2b$10$yqzfU4sR92PFJ0rkCYAEnevl1wKu82rxSlBc4hsg2nU8grklDGYxm',
    nombres: 'JUAN JOSE',
    apellidos: 'SANCHEZ',
    idclub: 4,
    idcinturon: 0,
    foto: null,
    ci: 7933318,
    estado: 'P',
    tipo: 'A',
    albitro: 'A'
  }
]
[0mPOST /login/iniciarSession [32m200[0m 133.612 ms - 158[0m
[0mGET /config/getCampeonato [36m304[0m 4.289 ms - -[0m
[0mGET /config/getCampeonato [36m304[0m 3.247 ms - -[0m
[
  {
    idusuario: 1,
    correo: 'jjchsan@gmail.com',
    password: '$2b$10$yqzfU4sR92PFJ0rkCYAEnevl1wKu82rxSlBc4hsg2nU8grklDGYxm',
    nombres: 'JUAN JOSE',
    apellidos: 'SANCHEZ',
    idclub: 4,
    idcinturon: 0,
    foto: null,
    ci: 7933318,
    estado: 'A',
    tipo: 'A',
    albitro: 'A'
  }
]
[0mPOST /login/iniciarSession [32m200[0m 108.507 ms - 158[0m
[0mGET /config/getCampeonato [36m304[0m 2.733 ms - -[0m
[0mGET /config/getCampeonato [36m304[0m 2.758 ms - -[0m
[0mGET /usuario/getUsuarios [32m200[0m 3.434 ms - 3942[0m
[0mGET /usuario/getUsuarios [36m304[0m 4.165 ms - -[0m
{
  idusuario: 1,
  correo: 'jjchsan@gmail.com',
  password: '$2b$10$yqzfU4sR92PFJ0rkCYAEnevl1wKu82rxSlBc4hsg2nU8grklDGYxm',
  nombres: 'JUAN JOSE',
  apellidos: 'SANCHEZ',
  idclub: 4,
  idcinturon: 0,
  foto: null,
  ci: 7933318,
  estado: 'K',
  tipo: 'A',
  albitro: 'A',
  club: 'HANAUI HIM',
  cinturon: null
}
[0mPOST /usuario/cambiarEstadoUsuario [32m200[0m 34.330 ms - 155[0m
[0mGET /usuario/getUsuarios [32m200[0m 4.272 ms - 3942[0m
[
  {
    idusuario: 1,
    correo: 'jjchsan@gmail.com',
    password: '$2b$10$yqzfU4sR92PFJ0rkCYAEnevl1wKu82rxSlBc4hsg2nU8grklDGYxm',
    nombres: 'JUAN JOSE',
    apellidos: 'SANCHEZ',
    idclub: 4,
    idcinturon: 0,
    foto: null,
    ci: 7933318,
    estado: 'K',
    tipo: 'A',
    albitro: 'A'
  }
]
[0mPOST /login/iniciarSession [32m200[0m 109.227 ms - 158[0m
[0mGET /config/getCampeonato [36m304[0m 2.870 ms - -[0m
[0mGET /config/getCampeonato [36m304[0m 1.591 ms - -[0m
[0mPOST /config/getCategoria [32m200[0m 3.187 ms - 653[0m
[0mPOST /config/getCategoria [32m200[0m 2.125 ms - 653[0m
[0mPOST /config/getGrados [32m200[0m 5.099 ms - 784[0m
[0mPOST /config/getGrados [32m200[0m 4.592 ms - 200[0m
{ idcampeonato: 3, tipo: 'R' }
{ idcampeonato: 3, tipo: 'R' }
[0mPOST /config/getTiposCampeonato [32m200[0m 5.981 ms - 9[0m
[0mPOST /config/getTiposCampeonato [32m200[0m 7.895 ms - 9[0m
[0mPOST /config/getCategoria [32m200[0m 1.952 ms - 653[0m
[0mPOST /config/getCategoria [32m200[0m 2.268 ms - 653[0m
[0mPOST /config/getCategoria [32m200[0m 1.720 ms - 653[0m
[0mGET /club/getListaClub [32m200[0m 5.093 ms - 2545[0m
[0mGET /club/getListaClub [36m304[0m 2.044 ms - -[0m
[0mGET /config/getCampeonato [36m304[0m 1.626 ms - -[0m
[0mGET /config/getCampeonato [36m304[0m 1.672 ms - -[0m
[0mPOST /config/getCategoria [32m200[0m 2.207 ms - 753[0m
[0mPOST /config/getCategoria [32m200[0m 2.266 ms - 753[0m
[0mPOST /config/getCategoria [32m200[0m 2.143 ms - 9[0m
[0mPOST /config/getCategoria [32m200[0m 1.718 ms - 9[0m
[0mGET /config/getCampeonato [36m304[0m 2.022 ms - -[0m
[0mGET /config/getCampeonato [36m304[0m 2.489 ms - -[0m
[0mPOST /config/getCategoria [32m200[0m 2.356 ms - 753[0m
[0mPOST /config/getCategoria [32m200[0m 2.774 ms - 753[0m
[0mPOST /config/getCategoria [32m200[0m 3.187 ms - 753[0m
[0mPOST /config/getCategoria [32m200[0m 2.145 ms - 753[0m
[0mPOST /config/getCategoria [32m200[0m 1.841 ms - 753[0m
[0mPOST /config/getCategoria [32m200[0m 1.692 ms - 753[0m
[0mPOST /config/getCategoria [32m200[0m 2.765 ms - 753[0m
[0mPOST /config/getSubCategoria [32m200[0m 2.627 ms - 9[0m
[0mPOST /config/getSubCategoria [32m200[0m 1.893 ms - 9[0m
[0mPOST /config/getSubCategoria [32m200[0m 2.875 ms - 1029[0m
[0mPOST /config/getSubCategoria [32m200[0m 2.185 ms - 9[0m
[0mPOST /config/getSubCategoria [32m200[0m 1.669 ms - 9[0m
[0mPOST /config/getSubCategoria [32m200[0m 3.175 ms - 9[0m
[0mPOST /config/getSubCategoria [32m200[0m 2.433 ms - 1029[0m
[0mPOST /config/getSubCategoria [32m200[0m 2.078 ms - 1029[0m
[0mPOST /config/getSubCategoria [32m200[0m 1.853 ms - 846[0m
[0mPOST /config/getSubCategoria [32m200[0m 1.800 ms - 514[0m
[0mPOST /config/getSubCategoria [32m200[0m 2.867 ms - 352[0m
[0mPOST /config/getSubCategoria [32m200[0m 1.888 ms - 352[0m
[0mPOST /config/getSubCategoria [32m200[0m 2.263 ms - 356[0m
[0mPOST /config/getCategoria [32m200[0m 3.475 ms - 756[0m
[0mPOST /config/getSubCategoria [32m200[0m 2.152 ms - 1035[0m
[0mPOST /config/getSubCategoria [32m200[0m 2.048 ms - 1035[0m
[0mPOST /config/getGrados [32m200[0m 3.146 ms - 771[0m
[0mPOST /config/getCategoria [32m200[0m 1.712 ms - 756[0m
[0mPOST /config/getCategoria [32m200[0m 1.848 ms - 756[0m
[0mPOST /config/getCategoria [32m200[0m 2.642 ms - 756[0m
[0mPOST /config/getCategoria [32m200[0m 1.853 ms - 756[0m
[0mPOST /config/getGrados [32m200[0m 3.610 ms - 771[0m
[0mPOST /config/getGrados [32m200[0m 4.420 ms - 771[0m
[0mPOST /config/getGrados [32m200[0m 3.591 ms - 771[0m
[0mPOST /config/getGrados [32m200[0m 3.349 ms - 771[0m
[0mPOST /config/getGrados [32m200[0m 6.191 ms - 949[0m
[0mPOST /config/getGrados [32m200[0m 1.460 ms - 9[0m
[0mPOST /config/getGrados [32m200[0m 2.776 ms - 301[0m
[0mPOST /config/getGrados [32m200[0m 2.888 ms - 301[0m
[0mPOST /config/getGrados [32m200[0m 2.392 ms - 301[0m
[0mPOST /config/getGrados [32m200[0m 3.917 ms - 771[0m
[0mPOST /config/getCategoria [32m200[0m 2.405 ms - 756[0m
[0mGET /club/getListaClub [36m304[0m 2.941 ms - -[0m
[0mGET /club/getListaClub [36m304[0m 1.708 ms - -[0m
[0mPOST /competidor/getCompetidores [32m200[0m 9.641 ms - 5353[0m
[0mPOST /config/getGrados [32m200[0m 7.750 ms - 771[0m
[0mPOST /config/getGrados [32m200[0m 4.804 ms - 771[0m
SELECT * FROM (SELECT *,(select nombre from club where idclub=c.idclub) as club, (select nombre from cinturon where idcinturon=c.idcinturon) as cinturon, (SELECT gr.nombre FROM grado gr inner join cinturon cin on cin.idgrado=gr.idgrado where cin.idcinturon=c.idcinturon) as grado, (select cate.idcategoria from categoria cate where c.edad>=cate.edadini and c.edad<=cate.edadfin and cate.genero=c.genero and cate.idcampeonato=c.idcampeonato) as idcategoria, (select cate.nombre from categoria cate where c.edad>=cate.edadini and c.edad<=cate.edadfin and cate.genero=c.genero and cate.idcampeonato=c.idcampeonato) as nombrecategoria, (select subcate.idsubcategoria from categoria cate inner join subcategoria subcate on subcate.idcategoria=cate.idcategoria where c.peso>=subcate.pesoini and c.peso<=subcate.pesofin and cate.genero=c.genero and cate.idcampeonato=c.idcampeonato and c.edad>=cate.edadini and c.edad<=cate.edadfin and cate.idcampeonato=c.idcampeonato) as idsubcategoria, (select subcate.nombre from categoria cate inner join subcategoria subcate on subcate.idcategoria=cate.idcategoria where c.peso>=subcate.pesoini and c.peso<=subcate.pesofin and cate.genero=c.genero and cate.idcampeonato=c.idcampeonato and c.edad>=cate.edadini and c.edad<=cate.edadfin and cate.idcampeonato=c.idcampeonato) as nombresubcategoria, (concat_ws(' ', nombres, apellidos)) as nombrex FROM competidor c WHERE c.estado='A') as res where res.idcategoria in (select idcategoria from categoria where estado='A') and res.nombrex like '%JOSE%'
[0mPOST /competidor/buscarCompetidor [32m200[0m 142.886 ms - 5732[0m
SELECT * FROM (SELECT *,(select nombre from club where idclub=c.idclub) as club, (select nombre from cinturon where idcinturon=c.idcinturon) as cinturon, (SELECT gr.nombre FROM grado gr inner join cinturon cin on cin.idgrado=gr.idgrado where cin.idcinturon=c.idcinturon) as grado, (select cate.idcategoria from categoria cate where c.edad>=cate.edadini and c.edad<=cate.edadfin and cate.genero=c.genero and cate.idcampeonato=c.idcampeonato) as idcategoria, (select cate.nombre from categoria cate where c.edad>=cate.edadini and c.edad<=cate.edadfin and cate.genero=c.genero and cate.idcampeonato=c.idcampeonato) as nombrecategoria, (select subcate.idsubcategoria from categoria cate inner join subcategoria subcate on subcate.idcategoria=cate.idcategoria where c.peso>=subcate.pesoini and c.peso<=subcate.pesofin and cate.genero=c.genero and cate.idcampeonato=c.idcampeonato and c.edad>=cate.edadini and c.edad<=cate.edadfin and cate.idcampeonato=c.idcampeonato) as idsubcategoria, (select subcate.nombre from categoria cate inner join subcategoria subcate on subcate.idcategoria=cate.idcategoria where c.peso>=subcate.pesoini and c.peso<=subcate.pesofin and cate.genero=c.genero and cate.idcampeonato=c.idcampeonato and c.edad>=cate.edadini and c.edad<=cate.edadfin and cate.idcampeonato=c.idcampeonato) as nombresubcategoria, (concat_ws(' ', nombres, apellidos)) as nombrex FROM competidor c WHERE c.estado='A') as res where res.idcategoria in (select idcategoria from categoria where estado='A') and res.nombrex like '%JUAN JOSE%'
[0mPOST /competidor/buscarCompetidor [32m200[0m 77.074 ms - 476[0m
D:\tekondo\TekwondoWeb\src\utils
SISTEMA TKD V.1 ....
Iniciando la Conección de la base de datos ONLINE ...
Iniciando servidor ....
funcionando servidos en puerto 4005
D:\tekondo\TekwondoWeb\src\utils
SISTEMA TKD V.1 ....
Iniciando la Conección de la base de datos ONLINE ...
Iniciando servidor ....
funcionando servidos en puerto 4005
D:\tekondo\TekwondoWeb\src\utils
SISTEMA TKD V.1 ....
Iniciando la Conección de la base de datos ONLINE ...
Iniciando servidor ....
funcionando servidos en puerto 4005
D:\tekondo\TekwondoWeb\src\utils
SISTEMA TKD V.1 ....
Iniciando la Conección de la base de datos ONLINE ...
Iniciando servidor ....
funcionando servidos en puerto 4005
D:\tekondo\TekwondoWeb\src\utils
SISTEMA TKD V.1 ....
Iniciando la Conección de la base de datos ONLINE ...
Iniciando servidor ....
funcionando servidos en puerto 4005
D:\tekondo\TekwondoWeb\src\utils
SISTEMA TKD V.1 ....
Iniciando la Conección de la base de datos ONLINE ...
Iniciando servidor ....
funcionando servidos en puerto 4005
D:\tekondo\TekwondoWeb\src\utils
SISTEMA TKD V.1 ....
Iniciando la Conección de la base de datos ONLINE ...
Iniciando servidor ....
funcionando servidos en puerto 4005
D:\tekondo\TekwondoWeb\src\utils
SISTEMA TKD V.1 ....
Iniciando la Conección de la base de datos ONLINE ...
Iniciando servidor ....
funcionando servidos en puerto 4005
D:\tekondo\TekwondoWeb\src\utils
SISTEMA TKD V.1 ....
Iniciando la Conección de la base de datos ONLINE ...
Iniciando servidor ....
funcionando servidos en puerto 4005
D:\tekondo\TekwondoWeb\src\utils
SISTEMA TKD V.1 ....
Iniciando la Conección de la base de datos ONLINE ...
Error en la conneccion : Error: connect ECONNREFUSED 127.0.0.1:3306
Iniciando servidor ....
funcionando servidos en puerto 4005
D:\tekondo\TekwondoWeb\src\utils
SISTEMA TKD V.1 ....
Iniciando la Conección de la base de datos ONLINE ...
Iniciando servidor ....
funcionando servidos en puerto 4005
D:\tekondo\TekwondoWeb\src\utils
SISTEMA TKD V.1 ....
Iniciando la Conección de la base de datos ONLINE ...
Iniciando servidor ....
funcionando servidos en puerto 4005
D:\tekondo\TekwondoWeb\src\utils
SISTEMA TKD V.1 ....
Iniciando la Conección de la base de datos ONLINE ...
Iniciando servidor ....
funcionando servidos en puerto 4005
D:\tekondo\TekwondoWeb\src\utils
SISTEMA TKD V.1 ....
Iniciando la Conección de la base de datos ONLINE ...
Iniciando servidor ....
funcionando servidos en puerto 4005
D:\tekondo\TekwondoWeb\src\utils
SISTEMA TKD V.1 ....
Iniciando la Conección de la base de datos ONLINE ...
Iniciando servidor ....
funcionando servidos en puerto 4005
D:\tekondo\TekwondoWeb\src\utils
SISTEMA TKD V.1 ....
Iniciando la Conección de la base de datos ONLINE ...
Iniciando servidor ....
funcionando servidos en puerto 4005
D:\tekondo\TekwondoWeb\src\utils
SISTEMA TKD V.1 ....
Iniciando la Conección de la base de datos ONLINE ...
Iniciando servidor ....
funcionando servidos en puerto 4005
D:\tekondo\TekwondoWeb\src\utils
SISTEMA TKD V.1 ....
Iniciando la Conección de la base de datos ONLINE ...
Iniciando servidor ....
funcionando servidos en puerto 4005
D:\tekondo\TekwondoWeb\src\utils
SISTEMA TKD V.1 ....
Iniciando la Conección de la base de datos ONLINE ...
Iniciando servidor ....
funcionando servidos en puerto 4005
D:\tekondo\TekwondoWeb\src\utils
SISTEMA TKD V.1 ....
Iniciando la Conección de la base de datos ONLINE ...
Iniciando servidor ....
funcionando servidos en puerto 4005
D:\tekondo\TekwondoWeb\src\utils
SISTEMA TKD V.1 ....
Iniciando la Conección de la base de datos ONLINE ...
Iniciando servidor ....
funcionando servidos en puerto 4005
D:\tekondo\TekwondoWeb\src\utils
SISTEMA TKD V.1 ....
Iniciando la Conección de la base de datos ONLINE ...
Iniciando servidor ....
funcionando servidos en puerto 4005
D:\tekondo\TekwondoWeb\src\utils
SISTEMA TKD V.1 ....
Iniciando la Conección de la base de datos ONLINE ...
Iniciando servidor ....
funcionando servidos en puerto 4005
D:\tekondo\TekwondoWeb\src\utils
SISTEMA TKD V.1 ....
Iniciando la Conección de la base de datos ONLINE ...
Iniciando servidor ....
funcionando servidos en puerto 4005
D:\tekondo\TekwondoWeb\src\utils
SISTEMA TKD V.1 ....
Iniciando la Conección de la base de datos ONLINE ...
Iniciando servidor ....
funcionando servidos en puerto 4005
D:\tekondo\TekwondoWeb\src\utils
SISTEMA TKD V.1 ....
Iniciando la Conección de la base de datos ONLINE ...
Iniciando servidor ....
funcionando servidos en puerto 4005
D:\tekondo\TekwondoWeb\src\utils
SISTEMA TKD V.1 ....
Iniciando la Conección de la base de datos ONLINE ...
Iniciando servidor ....
funcionando servidos en puerto 4005
D:\tekondo\TekwondoWeb\src\utils
SISTEMA TKD V.1 ....
Iniciando la Conección de la base de datos ONLINE ...
Iniciando servidor ....
funcionando servidos en puerto 4005
D:\tekondo\TekwondoWeb\src\utils
SISTEMA TKD V.1 ....
Iniciando la Conección de la base de datos ONLINE ...
Iniciando servidor ....
funcionando servidos en puerto 4005
D:\tekondo\TekwondoWeb\src\utils
SISTEMA TKD V.1 ....
Iniciando la Conección de la base de datos ONLINE ...
Iniciando servidor ....
funcionando servidos en puerto 4005
D:\tekondo\TekwondoWeb\src\utils
SISTEMA TKD V.1 ....
Iniciando la Conección de la base de datos ONLINE ...
Iniciando servidor ....
funcionando servidos en puerto 4005
D:\tekondo\TekwondoWeb\src\utils
SISTEMA TKD V.1 ....
Iniciando la Conección de la base de datos ONLINE ...
Iniciando servidor ....
funcionando servidos en puerto 4005
D:\tekondo\TekwondoWeb\src\utils
SISTEMA TKD V.1 ....
Iniciando la Conección de la base de datos ONLINE ...
Iniciando servidor ....
funcionando servidos en puerto 4005
